# JRE version: Java(TM) SE Runtime Environment (21.0.10+8) (build 21.0.10+8-LTS-217)
# Java VM: Java HotSpot(TM) 64-Bit Server VM (21.0.10+8-LTS-217, mixed mode, sharing, tiered, compressed oops, compressed class ptrs, g1 gc, windows-amd64)
GC Precious Log:
 CardTable entry size: 512
 Card Set container configuration: InlinePtr #cards 5 size 8 Array Of Cards #cards 12 size 40 Howl #buckets 4 coarsen threshold 1843 Howl Bitmap #cards 512 size 80 coarsen threshold 460 Card regions per heap region 1 cards per card region 2048
 CPUs: 8 total, 8 available
 Memory: 7937M
 Large Page Support: Disabled
 NUMA Support: Disabled
 Compressed Oops: Enabled (32-bit)
 Heap Region Size: 1M
 Heap Min Capacity: 8M
 Heap Initial Capacity: 126M
 Heap Max Capacity: 1986M
 Pre-touch: Disabled
 Parallel Workers: 8
 Concurrent Workers: 2
 Concurrent Refinement Workers: 8
 Periodic GC: Disabled
Heap:
 garbage-first heap   total 155648K, used 125530K [0x0000000083e00000, 0x0000000100000000)
  region size 1024K, 41 young (41984K), 2 survivors (2048K)
 Metaspace       used 37940K, committed 38400K, reserved 1114112K
  class space    used 4128K, committed 4352K, reserved 1048576K
GC Heap History (20 events):
Event: 7.422 GC heap before
{Heap before GC invocations=4 (full 0):
 garbage-first heap   total 129024K, used 92160K [0x0000000083e00000, 0x0000000100000000)
  region size 1024K, 75 young (76800K), 8 survivors (8192K)
 Metaspace       used 20964K, committed 21248K, reserved 1114112K
  class space    used 2243K, committed 2368K, reserved 1048576K
}
Event: 7.436 GC heap after
{Heap after GC invocations=5 (full 0):
 garbage-first heap   total 129024K, used 29117K [0x0000000083e00000, 0x0000000100000000)
  region size 1024K, 6 young (6144K), 6 survivors (6144K)
 Metaspace       used 20964K, committed 21248K, reserved 1114112K
  class space    used 2243K, committed 2368K, reserved 1048576K
}
Event: 7.454 GC heap before
{Heap before GC invocations=5 (full 0):
 garbage-first heap   total 129024K, used 29117K [0x0000000083e00000, 0x0000000100000000)
  region size 1024K, 7 young (7168K), 6 survivors (6144K)
 Metaspace       used 21252K, committed 21504K, reserved 1114112K
  class space    used 2292K, committed 2432K, reserved 1048576K
}
Event: 7.459 GC heap after
{Heap after GC invocations=6 (full 0):
 garbage-first heap   total 129024K, used 29696K [0x0000000083e00000, 0x0000000100000000)
  region size 1024K, 1 young (1024K), 1 survivors (1024K)
 Metaspace       used 21252K, committed 21504K, reserved 1114112K
  class space    used 2292K, committed 2432K, reserved 1048576K
}
Event: 9.055 GC heap before
{Heap before GC invocations=7 (full 0):
 garbage-first heap   total 102400K, used 100352K [0x0000000083e00000, 0x0000000100000000)
  region size 1024K, 60 young (61440K), 1 survivors (1024K)
 Metaspace       used 28577K, committed 28928K, reserved 1114112K
  class space    used 3128K, committed 3264K, reserved 1048576K
}
Event: 9.075 GC heap after
{Heap after GC invocations=8 (full 0):
 garbage-first heap   total 118784K, used 53760K [0x0000000083e00000, 0x0000000100000000)
  region size 1024K, 8 young (8192K), 8 survivors (8192K)
 Metaspace       used 28577K, committed 28928K, reserved 1114112K
  class space    used 3128K, committed 3264K, reserved 1048576K
}
Event: 9.628 GC heap before
{Heap before GC invocations=8 (full 0):
 garbage-first heap   total 118784K, used 93696K [0x0000000083e00000, 0x0000000100000000)
  region size 1024K, 47 young (48128K), 8 survivors (8192K)
 Metaspace       used 29270K, committed 29568K, reserved 1114112K
  class space    used 3194K, committed 3328K, reserved 1048576K
}
Event: 9.655 GC heap after
{Heap after GC invocations=9 (full 0):
 garbage-first heap   total 118784K, used 63488K [0x0000000083e00000, 0x0000000100000000)
  region size 1024K, 6 young (6144K), 6 survivors (6144K)
 Metaspace       used 29270K, committed 29568K, reserved 1114112K
  class space    used 3194K, committed 3328K, reserved 1048576K
}
Event: 10.600 GC heap before
{Heap before GC invocations=9 (full 0):
 garbage-first heap   total 118784K, used 97280K [0x0000000083e00000, 0x0000000100000000)
  region size 1024K, 40 young (40960K), 6 survivors (6144K)
 Metaspace       used 30935K, committed 31360K, reserved 1114112K
  class space    used 3375K, committed 3584K, reserved 1048576K
}
Event: 10.617 GC heap after
{Heap after GC invocations=10 (full 0):
 garbage-first heap   total 118784K, used 66048K [0x0000000083e00000, 0x0000000100000000)
  region size 1024K, 3 young (3072K), 3 survivors (3072K)
 Metaspace       used 30935K, committed 31360K, reserved 1114112K
  class space    used 3375K, committed 3584K, reserved 1048576K
}
Event: 11.395 GC heap before
{Heap before GC invocations=11 (full 0):
 garbage-first heap   total 118784K, used 97792K [0x0000000083e00000, 0x0000000100000000)
  region size 1024K, 37 young (37888K), 3 survivors (3072K)
 Metaspace       used 33133K, committed 33600K, reserved 1114112K
  class space    used 3629K, committed 3840K, reserved 1048576K
}
Event: 11.407 GC heap after
{Heap after GC invocations=12 (full 0):
 garbage-first heap   total 118784K, used 65318K [0x0000000083e00000, 0x0000000100000000)
  region size 1024K, 5 young (5120K), 5 survivors (5120K)
 Metaspace       used 33133K, committed 33600K, reserved 1114112K
  class space    used 3629K, committed 3840K, reserved 1048576K
}
Event: 12.418 GC heap before
{Heap before GC invocations=12 (full 0):
 garbage-first heap   total 118784K, used 111398K [0x0000000083e00000, 0x0000000100000000)
  region size 1024K, 41 young (41984K), 5 survivors (5120K)
 Metaspace       used 33446K, committed 33920K, reserved 1114112K
  class space    used 3648K, committed 3904K, reserved 1048576K
}
Event: 12.439 GC heap after
{Heap after GC invocations=13 (full 0):
 garbage-first heap   total 155648K, used 79360K [0x0000000083e00000, 0x0000000100000000)
  region size 1024K, 6 young (6144K), 6 survivors (6144K)
 Metaspace       used 33446K, committed 33920K, reserved 1114112K
  class space    used 3648K, committed 3904K, reserved 1048576K
}
Event: 12.592 GC heap before
{Heap before GC invocations=13 (full 0):
 garbage-first heap   total 155648K, used 84480K [0x0000000083e00000, 0x0000000100000000)
  region size 1024K, 12 young (12288K), 6 survivors (6144K)
 Metaspace       used 33456K, committed 33984K, reserved 1114112K
  class space    used 3648K, committed 3904K, reserved 1048576K
}
Event: 12.597 GC heap after
{Heap after GC invocations=14 (full 0):
 garbage-first heap   total 155648K, used 82594K [0x0000000083e00000, 0x0000000100000000)
  region size 1024K, 3 young (3072K), 3 survivors (3072K)
 Metaspace       used 33456K, committed 33984K, reserved 1114112K
  class space    used 3648K, committed 3904K, reserved 1048576K
}
Event: 13.269 GC heap before
{Heap before GC invocations=15 (full 0):
 garbage-first heap   total 155648K, used 126626K [0x0000000083e00000, 0x0000000100000000)
  region size 1024K, 45 young (46080K), 3 survivors (3072K)
 Metaspace       used 33506K, committed 33984K, reserved 1114112K
  class space    used 3648K, committed 3904K, reserved 1048576K
}
Event: 13.280 GC heap after
{Heap after GC invocations=16 (full 0):
 garbage-first heap   total 155648K, used 96249K [0x0000000083e00000, 0x0000000100000000)
  region size 1024K, 6 young (6144K), 6 survivors (6144K)
 Metaspace       used 33506K, committed 33984K, reserved 1114112K
  class space    used 3648K, committed 3904K, reserved 1048576K
}
Event: 14.012 GC heap before
{Heap before GC invocations=16 (full 0):
 garbage-first heap   total 155648K, used 127993K [0x0000000083e00000, 0x0000000100000000)
  region size 1024K, 38 young (38912K), 6 survivors (6144K)
 Metaspace       used 34838K, committed 35264K, reserved 1114112K
  class space    used 3804K, committed 4032K, reserved 1048576K
}
Event: 14.021 GC heap after
{Heap after GC invocations=17 (full 0):
 garbage-first heap   total 155648K, used 86618K [0x0000000083e00000, 0x0000000100000000)
  region size 1024K, 2 young (2048K), 2 survivors (2048K)
 Metaspace       used 34838K, committed 35264K, reserved 1114112K
  class space    used 3804K, committed 4032K, reserved 1048576K
}

